[debug] [2025-03-21T05:31:31.627Z] ----------------------------------------------------------------------
[debug] [2025-03-21T05:31:31.630Z] Command:       C:\Program Files\nodejs\node.exe C:\Users\HP\AppData\Roaming\npm\node_modules\firebase-tools\lib\bin\firebase.js deploy
[debug] [2025-03-21T05:31:31.631Z] CLI Version:   13.29.1
[debug] [2025-03-21T05:31:31.631Z] Platform:      win32
[debug] [2025-03-21T05:31:31.632Z] Node Version:  v20.15.1
[debug] [2025-03-21T05:31:31.632Z] Time:          Fri Mar 21 2025 11:01:31 GMT+0530 (India Standard Time)
[debug] [2025-03-21T05:31:31.632Z] ----------------------------------------------------------------------
[debug] 
[debug] [2025-03-21T05:31:31.636Z] >>> [apiv2][query] GET https://firebase-public.firebaseio.com/cli.json [none]
[debug] [2025-03-21T05:31:31.786Z] > command requires scopes: ["email","openid","https://www.googleapis.com/auth/cloudplatformprojects.readonly","https://www.googleapis.com/auth/firebase","https://www.googleapis.com/auth/cloud-platform"]
[debug] [2025-03-21T05:31:31.786Z] > authorizing via signed-in user (pvn.kumar4@gmail.com)
[debug] [2025-03-21T05:31:31.787Z] [iam] checking project jolly-20275 for permissions ["firebase.projects.get","firebasehosting.sites.update"]
[debug] [2025-03-21T05:31:31.788Z] Checked if tokens are valid: false, expires at: 1742412291443
[debug] [2025-03-21T05:31:31.788Z] Checked if tokens are valid: false, expires at: 1742412291443
[debug] [2025-03-21T05:31:31.788Z] > refreshing access token with scopes: []
[debug] [2025-03-21T05:31:31.789Z] >>> [apiv2][query] POST https://www.googleapis.com/oauth2/v3/token [none]
[debug] [2025-03-21T05:31:31.789Z] >>> [apiv2][body] POST https://www.googleapis.com/oauth2/v3/token [omitted]
[debug] [2025-03-21T05:31:32.132Z] <<< [apiv2][status] POST https://www.googleapis.com/oauth2/v3/token 200
[debug] [2025-03-21T05:31:32.133Z] <<< [apiv2][body] POST https://www.googleapis.com/oauth2/v3/token [omitted]
[debug] [2025-03-21T05:31:32.143Z] >>> [apiv2][query] POST https://cloudresourcemanager.googleapis.com/v1/projects/jolly-20275:testIamPermissions [none]
[debug] [2025-03-21T05:31:32.144Z] >>> [apiv2][(partial)header] POST https://cloudresourcemanager.googleapis.com/v1/projects/jolly-20275:testIamPermissions x-goog-quota-user=projects/jolly-20275
[debug] [2025-03-21T05:31:32.144Z] >>> [apiv2][body] POST https://cloudresourcemanager.googleapis.com/v1/projects/jolly-20275:testIamPermissions {"permissions":["firebase.projects.get","firebasehosting.sites.update"]}
[debug] [2025-03-21T05:31:32.367Z] <<< [apiv2][status] GET https://firebase-public.firebaseio.com/cli.json 200
[debug] [2025-03-21T05:31:32.368Z] <<< [apiv2][body] GET https://firebase-public.firebaseio.com/cli.json {"cloudBuildErrorAfter":1594252800000,"cloudBuildWarnAfter":1590019200000,"defaultNode10After":1594252800000,"minVersion":"3.0.5","node8DeploysDisabledAfter":1613390400000,"node8RuntimeDisabledAfter":1615809600000,"node8WarnAfter":1600128000000}
